# JRE version: Java(TM) SE Runtime Environment (17.0.14+8) (build 17.0.14+8-LTS-191)
# Java VM: Java HotSpot(TM) 64-Bit Server VM (17.0.14+8-LTS-191, mixed mode, sharing, tiered, compressed oops, compressed class ptrs, g1 gc, windows-amd64)
GC Precious Log:
 CPUs: 16 total, 16 available
 Memory: 15679M
 Large Page Support: Disabled
 NUMA Support: Disabled
 Compressed Oops: Enabled (32-bit)
 Heap Region Size: 1M
 Heap Min Capacity: 8M
 Heap Initial Capacity: 246M
 Heap Max Capacity: 2G
 Pre-touch: Disabled
 Parallel Workers: 13
 Concurrent Workers: 3
 Concurrent Refinement Workers: 13
 Periodic GC: Disabled
Heap:
 garbage-first heap   total 284672K, used 190663K [0x0000000080000000, 0x0000000100000000)
  region size 1024K, 28 young (28672K), 6 survivors (6144K)
 Metaspace       used 146225K, committed 147392K, reserved 1179648K
  class space    used 20783K, committed 21376K, reserved 1048576K
GC Heap History (20 events):
Event: 54.561 GC heap before
{Heap before GC invocations=65 (full 0):
 garbage-first heap   total 233472K, used 200344K [0x0000000080000000, 0x0000000100000000)
  region size 1024K, 40 young (40960K), 3 survivors (3072K)
 Metaspace       used 138109K, committed 139264K, reserved 1179648K
  class space    used 19589K, committed 20160K, reserved 1048576K
}
Event: 54.567 GC heap after
{Heap after GC invocations=66 (full 0):
 garbage-first heap   total 233472K, used 164480K [0x0000000080000000, 0x0000000100000000)
  region size 1024K, 4 young (4096K), 4 survivors (4096K)
 Metaspace       used 138109K, committed 139264K, reserved 1179648K
  class space    used 19589K, committed 20160K, reserved 1048576K
}
Event: 54.722 GC heap before
{Heap before GC invocations=66 (full 0):
 garbage-first heap   total 233472K, used 199296K [0x0000000080000000, 0x0000000100000000)
  region size 1024K, 39 young (39936K), 4 survivors (4096K)
 Metaspace       used 139174K, committed 140288K, reserved 1179648K
  class space    used 19759K, committed 20288K, reserved 1048576K
}
Event: 54.727 GC heap after
{Heap after GC invocations=67 (full 0):
 garbage-first heap   total 233472K, used 165570K [0x0000000080000000, 0x0000000100000000)
  region size 1024K, 4 young (4096K), 4 survivors (4096K)
 Metaspace       used 139174K, committed 140288K, reserved 1179648K
  class space    used 19759K, committed 20288K, reserved 1048576K
}
Event: 54.866 GC heap before
{Heap before GC invocations=67 (full 0):
 garbage-first heap   total 233472K, used 199362K [0x0000000080000000, 0x0000000100000000)
  region size 1024K, 38 young (38912K), 4 survivors (4096K)
 Metaspace       used 139735K, committed 140864K, reserved 1179648K
  class space    used 19824K, committed 20352K, reserved 1048576K
}
Event: 54.871 GC heap after
{Heap after GC invocations=68 (full 0):
 garbage-first heap   total 233472K, used 165409K [0x0000000080000000, 0x0000000100000000)
  region size 1024K, 3 young (3072K), 3 survivors (3072K)
 Metaspace       used 139735K, committed 140864K, reserved 1179648K
  class space    used 19824K, committed 20352K, reserved 1048576K
}
Event: 55.020 GC heap before
{Heap before GC invocations=68 (full 0):
 garbage-first heap   total 233472K, used 200225K [0x0000000080000000, 0x0000000100000000)
  region size 1024K, 38 young (38912K), 3 survivors (3072K)
 Metaspace       used 140265K, committed 141440K, reserved 1179648K
  class space    used 19884K, committed 20480K, reserved 1048576K
}
Event: 55.024 GC heap after
{Heap after GC invocations=69 (full 0):
 garbage-first heap   total 284672K, used 165607K [0x0000000080000000, 0x0000000100000000)
  region size 1024K, 3 young (3072K), 3 survivors (3072K)
 Metaspace       used 140265K, committed 141440K, reserved 1179648K
  class space    used 19884K, committed 20480K, reserved 1048576K
}
Event: 55.254 GC heap before
{Heap before GC invocations=69 (full 0):
 garbage-first heap   total 284672K, used 241383K [0x0000000080000000, 0x0000000100000000)
  region size 1024K, 78 young (79872K), 3 survivors (3072K)
 Metaspace       used 140930K, committed 142016K, reserved 1179648K
  class space    used 20016K, committed 20544K, reserved 1048576K
}
Event: 55.258 GC heap after
{Heap after GC invocations=70 (full 0):
 garbage-first heap   total 284672K, used 166984K [0x0000000080000000, 0x0000000100000000)
  region size 1024K, 4 young (4096K), 4 survivors (4096K)
 Metaspace       used 140930K, committed 142016K, reserved 1179648K
  class space    used 20016K, committed 20544K, reserved 1048576K
}
Event: 55.424 GC heap before
{Heap before GC invocations=70 (full 0):
 garbage-first heap   total 284672K, used 243784K [0x0000000080000000, 0x0000000100000000)
  region size 1024K, 79 young (80896K), 4 survivors (4096K)
 Metaspace       used 141361K, committed 142528K, reserved 1179648K
  class space    used 20102K, committed 20672K, reserved 1048576K
}
Event: 55.428 GC heap after
{Heap after GC invocations=71 (full 0):
 garbage-first heap   total 284672K, used 168571K [0x0000000080000000, 0x0000000100000000)
  region size 1024K, 6 young (6144K), 6 survivors (6144K)
 Metaspace       used 141361K, committed 142528K, reserved 1179648K
  class space    used 20102K, committed 20672K, reserved 1048576K
}
Event: 55.600 GC heap before
{Heap before GC invocations=71 (full 0):
 garbage-first heap   total 284672K, used 243323K [0x0000000080000000, 0x0000000100000000)
  region size 1024K, 80 young (81920K), 6 survivors (6144K)
 Metaspace       used 142156K, committed 143232K, reserved 1179648K
  class space    used 20255K, committed 20800K, reserved 1048576K
}
Event: 55.605 GC heap after
{Heap after GC invocations=72 (full 0):
 garbage-first heap   total 284672K, used 171173K [0x0000000080000000, 0x0000000100000000)
  region size 1024K, 8 young (8192K), 8 survivors (8192K)
 Metaspace       used 142156K, committed 143232K, reserved 1179648K
  class space    used 20255K, committed 20800K, reserved 1048576K
}
Event: 55.865 GC heap before
{Heap before GC invocations=72 (full 0):
 garbage-first heap   total 284672K, used 242853K [0x0000000080000000, 0x0000000100000000)
  region size 1024K, 79 young (80896K), 8 survivors (8192K)
 Metaspace       used 142990K, committed 144128K, reserved 1179648K
  class space    used 20434K, committed 20992K, reserved 1048576K
}
Event: 55.871 GC heap after
{Heap after GC invocations=73 (full 0):
 garbage-first heap   total 284672K, used 169639K [0x0000000080000000, 0x0000000100000000)
  region size 1024K, 5 young (5120K), 5 survivors (5120K)
 Metaspace       used 142990K, committed 144128K, reserved 1179648K
  class space    used 20434K, committed 20992K, reserved 1048576K
}
Event: 56.210 GC heap before
{Heap before GC invocations=73 (full 0):
 garbage-first heap   total 284672K, used 243367K [0x0000000080000000, 0x0000000100000000)
  region size 1024K, 77 young (78848K), 5 survivors (5120K)
 Metaspace       used 143501K, committed 144640K, reserved 1179648K
  class space    used 20437K, committed 20992K, reserved 1048576K
}
Event: 56.214 GC heap after
{Heap after GC invocations=74 (full 0):
 garbage-first heap   total 284672K, used 167381K [0x0000000080000000, 0x0000000100000000)
  region size 1024K, 3 young (3072K), 3 survivors (3072K)
 Metaspace       used 143501K, committed 144640K, reserved 1179648K
  class space    used 20437K, committed 20992K, reserved 1048576K
}
Event: 57.080 GC heap before
{Heap before GC invocations=74 (full 0):
 garbage-first heap   total 284672K, used 244181K [0x0000000080000000, 0x0000000100000000)
  region size 1024K, 79 young (80896K), 3 survivors (3072K)
 Metaspace       used 144958K, committed 146112K, reserved 1179648K
  class space    used 20646K, committed 21184K, reserved 1048576K
}
Event: 57.087 GC heap after
{Heap after GC invocations=75 (full 0):
 garbage-first heap   total 284672K, used 170183K [0x0000000080000000, 0x0000000100000000)
  region size 1024K, 6 young (6144K), 6 survivors (6144K)
 Metaspace       used 144958K, committed 146112K, reserved 1179648K
  class space    used 20646K, committed 21184K, reserved 1048576K
}

